[debug] [2019-12-24T12:10:41.423Z] ----------------------------------------------------------------------
[debug] [2019-12-24T12:10:41.425Z] Command:       /usr/local/bin/node /usr/local/bin/firebase deploy --only hosting
[debug] [2019-12-24T12:10:41.425Z] CLI Version:   7.11.0
[debug] [2019-12-24T12:10:41.425Z] Platform:      darwin
[debug] [2019-12-24T12:10:41.425Z] Node Version:  v12.13.0
[debug] [2019-12-24T12:10:41.427Z] Time:          Tue Dec 24 2019 19:10:41 GMT+0700 (Indochina Time)
[debug] [2019-12-24T12:10:41.427Z] ----------------------------------------------------------------------
[debug] [2019-12-24T12:10:41.427Z] 
[debug] [2019-12-24T12:10:41.439Z] > command requires scopes: ["email","openid","https://www.googleapis.com/auth/cloudplatformprojects.readonly","https://www.googleapis.com/auth/firebase","https://www.googleapis.com/auth/cloud-platform"]
[debug] [2019-12-24T12:10:41.440Z] > authorizing via signed-in user
[debug] [2019-12-24T12:10:41.440Z] [iam] checking project random-gift-8b89d for permissions ["firebase.projects.get","firebasehosting.sites.update"]
[debug] [2019-12-24T12:10:41.441Z] > refreshing access token with scopes: ["email","https://www.googleapis.com/auth/cloud-platform","https://www.googleapis.com/auth/cloudplatformprojects.readonly","https://www.googleapis.com/auth/firebase","openid"]
[debug] [2019-12-24T12:10:41.441Z] >>> HTTP REQUEST POST https://www.googleapis.com/oauth2/v3/token  
 <request body omitted>
[debug] [2019-12-24T12:10:41.770Z] <<< HTTP RESPONSE 200
[debug] [2019-12-24T12:10:41.791Z] >>> HTTP REQUEST POST https://cloudresourcemanager.googleapis.com/v1/projects/random-gift-8b89d:testIamPermissions  

[debug] [2019-12-24T12:10:43.298Z] <<< HTTP RESPONSE 200
[debug] [2019-12-24T12:10:43.299Z] >>> HTTP REQUEST GET https://firebase.googleapis.com/v1beta1/projects/random-gift-8b89d  
 
[debug] [2019-12-24T12:10:43.800Z] <<< HTTP RESPONSE 200
[info] 
[info] === Deploying to 'random-gift-8b89d'...
[info] 
[info] i  deploying hosting
[debug] [2019-12-24T12:10:43.803Z] >>> HTTP REQUEST POST https://firebasehosting.googleapis.com/v1beta1/sites/random-gift-8b89d/versions  

[debug] [2019-12-24T12:10:46.164Z] <<< HTTP RESPONSE 200
[info] i  hosting[random-gift-8b89d]: beginning deploy...
[info] i  hosting[random-gift-8b89d]: found 22 files in build
[debug] [2019-12-24T12:10:46.187Z] [hosting] hash cache [YnVpbGQ] stored for 22 files
[debug] [2019-12-24T12:10:46.187Z] [hosting][hash queue][FINAL]
[debug] [2019-12-24T12:10:46.188Z] >>> HTTP REQUEST POST https://firebasehosting.googleapis.com/v1beta1/sites/random-gift-8b89d/versions/54f2a8b0514367b1:populateFiles  
 <request body omitted>
[debug] [2019-12-24T12:10:48.418Z] <<< HTTP RESPONSE 200
[debug] [2019-12-24T12:10:48.420Z] [hosting][populate queue][FINAL]
[debug] [2019-12-24T12:10:48.420Z] [hosting] uploads queued: 0
[debug] [2019-12-24T12:10:48.420Z] [hosting][upload queue][FINAL]
[info] ✔  hosting[random-gift-8b89d]: file upload complete
[debug] [2019-12-24T12:10:48.421Z] [hosting] deploy completed after 2255ms
[debug] [2019-12-24T12:10:48.707Z] [
  {
    "config": {
      "public": "build",
      "site": "random-gift-8b89d",
      "ignore": [
        "firebase.json",
        "**/.*",
        "**/node_modules/**"
      ]
    },
    "site": "random-gift-8b89d",
    "version": "sites/random-gift-8b89d/versions/54f2a8b0514367b1"
  }
]
[info] i  hosting[random-gift-8b89d]: finalizing version...
[debug] [2019-12-24T12:10:48.708Z] >>> HTTP REQUEST PATCH https://firebasehosting.googleapis.com/v1beta1/sites/random-gift-8b89d/versions/54f2a8b0514367b1?updateMask=status  

